<?xml version="1.0" encoding="UTF-8"?>
<!-- Generated by org.testng.reporters.JUnitReportReporter -->
<testsuite name="runner.CukesRunner" tests="1" time="23.432" ignored="0" failures="0" timestamp="19 Oct 2019 16:36:14 GMT" skipped="0" hostname="LAPTOP-Dell-i7" errors="0">
  <testcase name="feature" time="23.432" classname="runner.CukesRunner"/>
</testsuite> <!-- runner.CukesRunner -->
