<?xml version="1.0" encoding="UTF-8"?>
<!-- Generated by org.testng.reporters.JUnitReportReporter -->
<testsuite name="runner.CukesRunner" tests="1" time="6.496" ignored="0" failures="0" timestamp="03 Nov 2019 03:04:51 GMT" skipped="0" hostname="LAPTOP-Dell-i7" errors="0">
  <testcase name="feature" time="6.496" classname="runner.CukesRunner"/>
</testsuite> <!-- runner.CukesRunner -->
