<?xml version="1.0" encoding="UTF-8"?>
<!-- Generated by org.testng.reporters.JUnitReportReporter -->
<testsuite name="runner.CukesRunner" tests="1" time="7.155" ignored="0" failures="0" timestamp="21 Oct 2019 21:19:31 GMT" skipped="0" hostname="LAPTOP-Dell-i7" errors="0">
  <testcase name="feature" time="7.155" classname="runner.CukesRunner"/>
</testsuite> <!-- runner.CukesRunner -->
